Using pre-set license
Built from '6000.0/staging' branch; Version is '6000.0.40f1 (157d81624ddf) revision 1408385'; Using compiler version '193933523'; Build Type 'Release'
OS: 'Windows 11  (10.0.26100) 64bit CoreSingleLanguage' Language: 'en' Physical Memory: 16123 MB
BatchMode: 1, IsHumanControllingUs: 0, StartBugReporterOnCrash: 0, Is64bit: 1, IsPro: 1

COMMAND LINE ARGUMENTS:
C:\Program Files\Unity\Hub\Editor\6000.0.40f1\Editor\Unity.exe
-adb2
-batchMode
-noUpm
-name
AssetImportWorker0
-projectPath
C:/Users/rangg/Downloads/WYIE 2025
-logFile
Logs/AssetImportWorker0.log
-srvPort
53406
-job-worker-count
15
-background-job-worker-count
8
-gc-helper-count
1
Successfully changed project path to: C:/Users/rangg/Downloads/WYIE 2025
C:/Users/rangg/Downloads/WYIE 2025
[UnityMemory] Configuration Parameters - Can be set up in boot.config
    "memorysetup-bucket-allocator-granularity=16"
    "memorysetup-bucket-allocator-bucket-count=8"
    "memorysetup-bucket-allocator-block-size=33554432"
    "memorysetup-bucket-allocator-block-count=8"
    "memorysetup-main-allocator-block-size=16777216"
    "memorysetup-thread-allocator-block-size=16777216"
    "memorysetup-gfx-main-allocator-block-size=16777216"
    "memorysetup-gfx-thread-allocator-block-size=16777216"
    "memorysetup-cache-allocator-block-size=4194304"
    "memorysetup-typetree-allocator-block-size=2097152"
    "memorysetup-profiler-bucket-allocator-granularity=16"
    "memorysetup-profiler-bucket-allocator-bucket-count=8"
    "memorysetup-profiler-bucket-allocator-block-size=33554432"
    "memorysetup-profiler-bucket-allocator-block-count=8"
    "memorysetup-profiler-allocator-block-size=16777216"
    "memorysetup-profiler-editor-allocator-block-size=1048576"
    "memorysetup-temp-allocator-size-main=16777216"
    "memorysetup-job-temp-allocator-block-size=2097152"
    "memorysetup-job-temp-allocator-block-size-background=1048576"
    "memorysetup-job-temp-allocator-reduction-small-platforms=262144"
    "memorysetup-allocator-temp-initial-block-size-main=262144"
    "memorysetup-allocator-temp-initial-block-size-worker=262144"
    "memorysetup-temp-allocator-size-background-worker=32768"
    "memorysetup-temp-allocator-size-job-worker=262144"
    "memorysetup-temp-allocator-size-preload-manager=33554432"
    "memorysetup-temp-allocator-size-nav-mesh-worker=65536"
    "memorysetup-temp-allocator-size-audio-worker=65536"
    "memorysetup-temp-allocator-size-cloud-worker=32768"
    "memorysetup-temp-allocator-size-gi-baking-worker=262144"
    "memorysetup-temp-allocator-size-gi-baking-worker=262144"
    "memorysetup-temp-allocator-size-gi-baking-worker=262144"
    "memorysetup-temp-allocator-size-gi-baking-worker=262144"
    "memorysetup-temp-allocator-size-gi-baking-worker=262144"
    "memorysetup-temp-allocator-size-gfx=262144"
Player connection [31320]  Target information:

Player connection [31320]  * "[IP] 192.168.1.8 [Port] 0 [Flags] 2 [Guid] 3283684105 [EditorId] 3283684105 [Version] 1048832 [Id] WindowsEditor(7,Airlangga) [Debug] 1 [PackageName] WindowsEditor [ProjectName] Editor" 

Player connection [31320] Host joined multi-casting on [225.0.0.222:54997]...
Player connection [31320] Host joined alternative multi-casting on [225.0.0.222:34997]...
JobSystem: Creating JobQueue using job-worker-count value 15
Input System module state changed to: Initialized.
[Physics::Module] Initialized fallback backend.
[Physics::Module] Id: 0xdecafbad
Library Redirect Path: Library/
[Physics::Module] Selected backend.
[Physics::Module] Name: PhysX
[Physics::Module] Id: 0xf2b8ea05
[Physics::Module] SDK Version: 4.1.2
[Physics::Module] Integration Version: 1.0.0
[Physics::Module] Threading Mode: Multi-Threaded
Refreshing native plugins compatible for Editor in 2.01 ms, found 4 plugins.
Preloading 0 native plugins for Editor in 0.00 ms.
Initialize engine version: 6000.0.40f1 (157d81624ddf)
[Subsystems] Discovering subsystems at path C:/Program Files/Unity/Hub/Editor/6000.0.40f1/Editor/Data/Resources/UnitySubsystems
[Subsystems] Discovering subsystems at path C:/Users/rangg/Downloads/WYIE 2025/Assets
GfxDevice: creating device client; kGfxThreadingModeNonThreaded
Direct3D:
    Version:  Direct3D 11.0 [level 11.1]
    Renderer: NVIDIA GeForce RTX 4060 Laptop GPU (ID=0x28e0)
    Vendor:   NVIDIA
    VRAM:     7957 MB
    Driver:   32.0.15.7283
Initialize mono
Mono path[0] = 'C:/Program Files/Unity/Hub/Editor/6000.0.40f1/Editor/Data/Managed'
Mono path[1] = 'C:/Program Files/Unity/Hub/Editor/6000.0.40f1/Editor/Data/MonoBleedingEdge/lib/mono/unityjit-win32'
Mono config path = 'C:/Program Files/Unity/Hub/Editor/6000.0.40f1/Editor/Data/MonoBleedingEdge/etc'
Using monoOptions --debugger-agent=transport=dt_socket,embedding=1,server=y,suspend=n,address=127.0.0.1:56816
Begin MonoManager ReloadAssembly
Registering precompiled unity dll's ...
Register platform support module: C:/Program Files/Unity/Hub/Editor/6000.0.40f1/Editor/Data/PlaybackEngines/WebGLSupport/UnityEditor.WebGL.Extensions.dll
Register platform support module: C:/Program Files/Unity/Hub/Editor/6000.0.40f1/Editor/Data/PlaybackEngines/WindowsStandaloneSupport/UnityEditor.WindowsStandalone.Extensions.dll
Registered in 0.002855 seconds.
- Loaded All Assemblies, in  0.290 seconds
Native extension for WindowsStandalone target not found
Native extension for WebGL target not found
Mono: successfully reloaded assembly
- Finished resetting the current domain, in  0.232 seconds
Domain Reload Profiling: 521ms
	BeginReloadAssembly (92ms)
		ExecutionOrderSort (0ms)
		DisableScriptedObjects (0ms)
		BackupInstance (0ms)
		ReleaseScriptingObjects (0ms)
		CreateAndSetChildDomain (1ms)
	RebuildCommonClasses (26ms)
	RebuildNativeTypeToScriptingClass (8ms)
	initialDomainReloadingComplete (35ms)
	LoadAllAssembliesAndSetupDomain (127ms)
		LoadAssemblies (90ms)
		RebuildTransferFunctionScriptingTraits (0ms)
		AnalyzeDomain (125ms)
			TypeCache.Refresh (124ms)
				TypeCache.ScanAssembly (112ms)
			BuildScriptInfoCaches (0ms)
			ResolveRequiredComponents (0ms)
	FinalizeReload (232ms)
		ReleaseScriptCaches (0ms)
		RebuildScriptCaches (0ms)
		SetupLoadedEditorAssemblies (201ms)
			LogAssemblyErrors (0ms)
			InitializePlatformSupportModulesInManaged (20ms)
			SetLoadedEditorAssemblies (3ms)
			BeforeProcessingInitializeOnLoad (37ms)
			ProcessInitializeOnLoadAttributes (106ms)
			ProcessInitializeOnLoadMethodAttributes (35ms)
			AfterProcessingInitializeOnLoad (0ms)
			EditorAssembliesLoaded (0ms)
		ExecutionOrderSort2 (0ms)
		AwakeInstancesAfterBackupRestoration (0ms)
========================================================================
Worker process is ready to serve import requests
Import Worker Mode flag is 0x00
Begin MonoManager ReloadAssembly
- Loaded All Assemblies, in  0.578 seconds
Refreshing native plugins compatible for Editor in 1.11 ms, found 4 plugins.
Native extension for WindowsStandalone target not found
Native extension for WebGL target not found
Mono: successfully reloaded assembly
- Finished resetting the current domain, in  0.544 seconds
Domain Reload Profiling: 1119ms
	BeginReloadAssembly (117ms)
		ExecutionOrderSort (0ms)
		DisableScriptedObjects (4ms)
		BackupInstance (0ms)
		ReleaseScriptingObjects (0ms)
		CreateAndSetChildDomain (19ms)
	RebuildCommonClasses (24ms)
	RebuildNativeTypeToScriptingClass (8ms)
	initialDomainReloadingComplete (27ms)
	LoadAllAssembliesAndSetupDomain (399ms)
		LoadAssemblies (280ms)
		RebuildTransferFunctionScriptingTraits (0ms)
		AnalyzeDomain (189ms)
			TypeCache.Refresh (134ms)
				TypeCache.ScanAssembly (122ms)
			BuildScriptInfoCaches (45ms)
			ResolveRequiredComponents (8ms)
	FinalizeReload (544ms)
		ReleaseScriptCaches (0ms)
		RebuildScriptCaches (0ms)
		SetupLoadedEditorAssemblies (444ms)
			LogAssemblyErrors (0ms)
			InitializePlatformSupportModulesInManaged (2ms)
			SetLoadedEditorAssemblies (4ms)
			BeforeProcessingInitializeOnLoad (84ms)
			ProcessInitializeOnLoadAttributes (270ms)
			ProcessInitializeOnLoadMethodAttributes (80ms)
			AfterProcessingInitializeOnLoad (4ms)
			EditorAssembliesLoaded (0ms)
		ExecutionOrderSort2 (0ms)
		AwakeInstancesAfterBackupRestoration (4ms)
Launched and connected shader compiler UnityShaderCompiler.exe after 0.01 seconds
Refreshing native plugins compatible for Editor in 2.27 ms, found 4 plugins.
Preloading 0 native plugins for Editor in 0.00 ms.
Unloading 206 Unused Serialized files (Serialized files now loaded: 0)
Unloading 6649 unused Assets / (4.5 MB). Loaded Objects now: 7349.
Memory consumption went from 181.3 MB to 176.8 MB.
Total: 11.255200 ms (FindLiveObjects: 0.726800 ms CreateObjectMapping: 0.653500 ms MarkObjects: 6.893200 ms  DeleteObjects: 2.980200 ms)

========================================================================
Received Import Request.
  Time since last request: 20006.112669 seconds.
  path: Assets/Environemnt/Medieval Forest/PNG/Collectable Object
  artifactKey: Guid(c63813326556edd419350a4b6ae6f2a6) Importer(815301076,1909f56bfc062723c751e8b465ee728b)
Start importing Assets/Environemnt/Medieval Forest/PNG/Collectable Object using Guid(c63813326556edd419350a4b6ae6f2a6) Importer(815301076,1909f56bfc062723c751e8b465ee728b) (PreviewImporter) -> (artifact id: 'd3431cf232d980011b5e573119256b85') in 0.0053016 seconds
Number of updated asset objects reloaded before import = 0Number of asset objects unloaded after import = 0

========================================================================
Received Import Request.
  Time since last request: 0.000015 seconds.
  path: Assets/Environemnt/Medieval Forest/PNG/Background/Background_01.png
  artifactKey: Guid(c188ab7755cce354fb0002e7d8b82ba8) Importer(815301076,1909f56bfc062723c751e8b465ee728b)
Start importing Assets/Environemnt/Medieval Forest/PNG/Background/Background_01.png using Guid(c188ab7755cce354fb0002e7d8b82ba8) Importer(815301076,1909f56bfc062723c751e8b465ee728b) (PreviewImporter) -> (artifact id: '76d22b77281bff17954f95ef8ae03b09') in 0.0916807 seconds
Number of updated asset objects reloaded before import = 0Number of asset objects unloaded after import = 3

========================================================================
Received Import Request.
  Time since last request: 5.160665 seconds.
  path: Assets/Environemnt/Medieval Forest/PNG/Collectable Object/Bubble.png
  artifactKey: Guid(be6694790e5dbe64bb6f301ec632d616) Importer(815301076,1909f56bfc062723c751e8b465ee728b)
Start importing Assets/Environemnt/Medieval Forest/PNG/Collectable Object/Bubble.png using Guid(be6694790e5dbe64bb6f301ec632d616) Importer(815301076,1909f56bfc062723c751e8b465ee728b) (PreviewImporter) -> (artifact id: '321c1155c8035ff55dc3372647ea30db') in 0.0385148 seconds
Number of updated asset objects reloaded before import = 0Number of asset objects unloaded after import = 3

========================================================================
Received Import Request.
  Time since last request: 0.000015 seconds.
  path: Assets/Environemnt/Medieval Forest/PNG/Collectable Object/Chest_02_Unlocked.png
  artifactKey: Guid(6fb8ea41b4c41194492f731719ec2860) Importer(815301076,1909f56bfc062723c751e8b465ee728b)
Start importing Assets/Environemnt/Medieval Forest/PNG/Collectable Object/Chest_02_Unlocked.png using Guid(6fb8ea41b4c41194492f731719ec2860) Importer(815301076,1909f56bfc062723c751e8b465ee728b) (PreviewImporter) -> (artifact id: '376049b76ddb2d47ddd6c890015d2892') in 0.0331727 seconds
Number of updated asset objects reloaded before import = 0Number of asset objects unloaded after import = 3

========================================================================
Received Import Request.
  Time since last request: 0.000018 seconds.
  path: Assets/Environemnt/Medieval Forest/PNG/Collectable Object/Coin_02.png
  artifactKey: Guid(7a1e511c3534e54478f23b538a75c6c5) Importer(815301076,1909f56bfc062723c751e8b465ee728b)
Start importing Assets/Environemnt/Medieval Forest/PNG/Collectable Object/Coin_02.png using Guid(7a1e511c3534e54478f23b538a75c6c5) Importer(815301076,1909f56bfc062723c751e8b465ee728b) (PreviewImporter) -> (artifact id: '5ded09696e9d1fce9a5d2eec7eec471e') in 0.022096 seconds
Number of updated asset objects reloaded before import = 0Number of asset objects unloaded after import = 3

========================================================================
Received Import Request.
  Time since last request: 0.000029 seconds.
  path: Assets/Environemnt/Medieval Forest/PNG/Collectable Object/Star.png
  artifactKey: Guid(8ac9226bc7698a2438ea1b2ca9986f10) Importer(815301076,1909f56bfc062723c751e8b465ee728b)
Start importing Assets/Environemnt/Medieval Forest/PNG/Collectable Object/Star.png using Guid(8ac9226bc7698a2438ea1b2ca9986f10) Importer(815301076,1909f56bfc062723c751e8b465ee728b) (PreviewImporter) -> (artifact id: '72946cffe12d5dc8b627779cb6f5048f') in 0.0317466 seconds
Number of updated asset objects reloaded before import = 0Number of asset objects unloaded after import = 3

========================================================================
Received Import Request.
  Time since last request: 0.000014 seconds.
  path: Assets/Environemnt/Medieval Forest/PNG/Collectable Object/Chest_02_Locked.png
  artifactKey: Guid(15f418bf7114cb843925c0b15b605a28) Importer(815301076,1909f56bfc062723c751e8b465ee728b)
Start importing Assets/Environemnt/Medieval Forest/PNG/Collectable Object/Chest_02_Locked.png using Guid(15f418bf7114cb843925c0b15b605a28) Importer(815301076,1909f56bfc062723c751e8b465ee728b) (PreviewImporter) -> (artifact id: 'dae1adcb17bb82a7a3aafbc41361ac4e') in 0.0310352 seconds
Number of updated asset objects reloaded before import = 0Number of asset objects unloaded after import = 3

========================================================================
Received Import Request.
  Time since last request: 0.000017 seconds.
  path: Assets/Environemnt/Medieval Forest/PNG/Collectable Object/Coin_04.png
  artifactKey: Guid(458eaaa4ec60b3b4987159fa23830070) Importer(815301076,1909f56bfc062723c751e8b465ee728b)
Start importing Assets/Environemnt/Medieval Forest/PNG/Collectable Object/Coin_04.png using Guid(458eaaa4ec60b3b4987159fa23830070) Importer(815301076,1909f56bfc062723c751e8b465ee728b) (PreviewImporter) -> (artifact id: '5e74dab56db57893fad888e5ef9b1d6b') in 0.0291142 seconds
Number of updated asset objects reloaded before import = 0Number of asset objects unloaded after import = 3

========================================================================
Received Import Request.
  Time since last request: 0.000010 seconds.
  path: Assets/Environemnt/Medieval Forest/PNG/Collectable Object/Life.png
  artifactKey: Guid(a8d13e00c92bc684a97e8205a7921d74) Importer(815301076,1909f56bfc062723c751e8b465ee728b)
Start importing Assets/Environemnt/Medieval Forest/PNG/Collectable Object/Life.png using Guid(a8d13e00c92bc684a97e8205a7921d74) Importer(815301076,1909f56bfc062723c751e8b465ee728b) (PreviewImporter) -> (artifact id: 'd5ccef7abad942d744d10d51f2c3128a') in 0.0196107 seconds
Number of updated asset objects reloaded before import = 0Number of asset objects unloaded after import = 3

========================================================================
Received Import Request.
  Time since last request: 4.195600 seconds.
  path: Assets/Environemnt/Medieval Forest/PNG/Environment/Decor_Ruins_02.png
  artifactKey: Guid(b698c9cbe9050504ea053406876bb464) Importer(815301076,1909f56bfc062723c751e8b465ee728b)
Start importing Assets/Environemnt/Medieval Forest/PNG/Environment/Decor_Ruins_02.png using Guid(b698c9cbe9050504ea053406876bb464) Importer(815301076,1909f56bfc062723c751e8b465ee728b) (PreviewImporter) -> (artifact id: '7b5b1a751250f8eee174dbe142f0efa9') in 0.0388583 seconds
Number of updated asset objects reloaded before import = 0Number of asset objects unloaded after import = 3

========================================================================
Received Import Request.
  Time since last request: 0.000023 seconds.
  path: Assets/Environemnt/Medieval Forest/PNG/Environment/Rock_03.png
  artifactKey: Guid(0842795c473f6e24981a13b518731180) Importer(815301076,1909f56bfc062723c751e8b465ee728b)
Start importing Assets/Environemnt/Medieval Forest/PNG/Environment/Rock_03.png using Guid(0842795c473f6e24981a13b518731180) Importer(815301076,1909f56bfc062723c751e8b465ee728b) (PreviewImporter) -> (artifact id: '5435569c7c851e11af311d6688a505d4') in 0.034513 seconds
Number of updated asset objects reloaded before import = 0Number of asset objects unloaded after import = 3

========================================================================
Received Import Request.
  Time since last request: 0.000010 seconds.
  path: Assets/Environemnt/Medieval Forest/PNG/Environment/Sign_06.png
  artifactKey: Guid(8574474ab10e09242956aba086e99694) Importer(815301076,1909f56bfc062723c751e8b465ee728b)
Start importing Assets/Environemnt/Medieval Forest/PNG/Environment/Sign_06.png using Guid(8574474ab10e09242956aba086e99694) Importer(815301076,1909f56bfc062723c751e8b465ee728b) (PreviewImporter) -> (artifact id: '22f353575726f9e813eb03047478ebbc') in 0.0443172 seconds
Number of updated asset objects reloaded before import = 0Number of asset objects unloaded after import = 3

========================================================================
Received Import Request.
  Time since last request: 0.000022 seconds.
  path: Assets/Environemnt/Medieval Forest/PNG/Environment/Rock_05.png
  artifactKey: Guid(cb81e27b7783569419c15c1143ec726c) Importer(815301076,1909f56bfc062723c751e8b465ee728b)
Start importing Assets/Environemnt/Medieval Forest/PNG/Environment/Rock_05.png using Guid(cb81e27b7783569419c15c1143ec726c) Importer(815301076,1909f56bfc062723c751e8b465ee728b) (PreviewImporter) -> (artifact id: '935cde723abc338e89b121e5d97c61a3') in 0.0330415 seconds
Number of updated asset objects reloaded before import = 0Number of asset objects unloaded after import = 3

========================================================================
Received Import Request.
  Time since last request: 93.871295 seconds.
  path: Assets/Environemnt/Medieval Forest/PNG/Collectable Object/Apple.png
  artifactKey: Guid(24c1f03931f36b941aba295ba5546886) Importer(815301076,1909f56bfc062723c751e8b465ee728b)
Start importing Assets/Environemnt/Medieval Forest/PNG/Collectable Object/Apple.png using Guid(24c1f03931f36b941aba295ba5546886) Importer(815301076,1909f56bfc062723c751e8b465ee728b) (PreviewImporter) -> (artifact id: '808f2caf5f8494dc2ee8699cf36bf2cd') in 0.026249 seconds
Number of updated asset objects reloaded before import = 0Number of asset objects unloaded after import = 3

========================================================================
Received Import Request.
  Time since last request: 0.000017 seconds.
  path: Assets/Environemnt/Medieval Forest/PNG/Collectable Object/Coin_01.png
  artifactKey: Guid(e7ff401a4a9b9b74ca01b4e8330002e6) Importer(815301076,1909f56bfc062723c751e8b465ee728b)
Start importing Assets/Environemnt/Medieval Forest/PNG/Collectable Object/Coin_01.png using Guid(e7ff401a4a9b9b74ca01b4e8330002e6) Importer(815301076,1909f56bfc062723c751e8b465ee728b) (PreviewImporter) -> (artifact id: 'e11ad64e0f6d1842051a499c4f7f35e1') in 0.0283743 seconds
Number of updated asset objects reloaded before import = 0Number of asset objects unloaded after import = 3

========================================================================
Received Import Request.
  Time since last request: 0.000012 seconds.
  path: Assets/Environemnt/Medieval Forest/PNG/Collectable Object/Bubble.png
  artifactKey: Guid(be6694790e5dbe64bb6f301ec632d616) Importer(815301076,1909f56bfc062723c751e8b465ee728b)
Start importing Assets/Environemnt/Medieval Forest/PNG/Collectable Object/Bubble.png using Guid(be6694790e5dbe64bb6f301ec632d616) Importer(815301076,1909f56bfc062723c751e8b465ee728b) (PreviewImporter) -> (artifact id: '40119c939f6d0b63ad8b9198db7b17bb') in 0.0207791 seconds
Number of updated asset objects reloaded before import = 0Number of asset objects unloaded after import = 3

========================================================================
Received Import Request.
  Time since last request: 0.000027 seconds.
  path: Assets/Environemnt/Medieval Forest/PNG/Collectable Object/Coin_02.png
  artifactKey: Guid(7a1e511c3534e54478f23b538a75c6c5) Importer(815301076,1909f56bfc062723c751e8b465ee728b)
Start importing Assets/Environemnt/Medieval Forest/PNG/Collectable Object/Coin_02.png using Guid(7a1e511c3534e54478f23b538a75c6c5) Importer(815301076,1909f56bfc062723c751e8b465ee728b) (PreviewImporter) -> (artifact id: 'ecf0625d4d5961d027eea8d816b84bdb') in 0.0174933 seconds
Number of updated asset objects reloaded before import = 0Number of asset objects unloaded after import = 3

========================================================================
Received Import Request.
  Time since last request: 0.000012 seconds.
  path: Assets/Environemnt/Medieval Forest/PNG/Collectable Object/Coin_03.png
  artifactKey: Guid(9d8aa6f48042d9e49af80b13ec4e79a2) Importer(815301076,1909f56bfc062723c751e8b465ee728b)
Start importing Assets/Environemnt/Medieval Forest/PNG/Collectable Object/Coin_03.png using Guid(9d8aa6f48042d9e49af80b13ec4e79a2) Importer(815301076,1909f56bfc062723c751e8b465ee728b) (PreviewImporter) -> (artifact id: '0e3a1d1459c3863532b8413804aac636') in 0.0177316 seconds
Number of updated asset objects reloaded before import = 0Number of asset objects unloaded after import = 3

========================================================================
Received Import Request.
  Time since last request: 0.000018 seconds.
  path: Assets/Environemnt/Medieval Forest/PNG/Collectable Object/Coin_06.png
  artifactKey: Guid(bbbe76077689f484abdffd4163333285) Importer(815301076,1909f56bfc062723c751e8b465ee728b)
Start importing Assets/Environemnt/Medieval Forest/PNG/Collectable Object/Coin_06.png using Guid(bbbe76077689f484abdffd4163333285) Importer(815301076,1909f56bfc062723c751e8b465ee728b) (PreviewImporter) -> (artifact id: '7634ecbbd664a0e0e8fafadceb4bf792') in 0.0144824 seconds
Number of updated asset objects reloaded before import = 0Number of asset objects unloaded after import = 3

========================================================================
Received Import Request.
  Time since last request: 0.000014 seconds.
  path: Assets/Environemnt/Medieval Forest/PNG/Collectable Object/Chest_02_Locked.png
  artifactKey: Guid(15f418bf7114cb843925c0b15b605a28) Importer(815301076,1909f56bfc062723c751e8b465ee728b)
Start importing Assets/Environemnt/Medieval Forest/PNG/Collectable Object/Chest_02_Locked.png using Guid(15f418bf7114cb843925c0b15b605a28) Importer(815301076,1909f56bfc062723c751e8b465ee728b) (PreviewImporter) -> (artifact id: '5123e0b22cd8118535b67a9886d95ea1') in 0.0120011 seconds
Number of updated asset objects reloaded before import = 0Number of asset objects unloaded after import = 3

========================================================================
Received Import Request.
  Time since last request: 0.000014 seconds.
  path: Assets/Environemnt/Medieval Forest/PNG/Collectable Object/Coin_04.png
  artifactKey: Guid(458eaaa4ec60b3b4987159fa23830070) Importer(815301076,1909f56bfc062723c751e8b465ee728b)
Start importing Assets/Environemnt/Medieval Forest/PNG/Collectable Object/Coin_04.png using Guid(458eaaa4ec60b3b4987159fa23830070) Importer(815301076,1909f56bfc062723c751e8b465ee728b) (PreviewImporter) -> (artifact id: 'b2b3d7a01796bac720cbdb22a0a12a73') in 0.0285394 seconds
Number of updated asset objects reloaded before import = 0Number of asset objects unloaded after import = 3

========================================================================
Received Import Request.
  Time since last request: 0.000017 seconds.
  path: Assets/Environemnt/Medieval Forest/PNG/Collectable Object/Life.png
  artifactKey: Guid(a8d13e00c92bc684a97e8205a7921d74) Importer(815301076,1909f56bfc062723c751e8b465ee728b)
Start importing Assets/Environemnt/Medieval Forest/PNG/Collectable Object/Life.png using Guid(a8d13e00c92bc684a97e8205a7921d74) Importer(815301076,1909f56bfc062723c751e8b465ee728b) (PreviewImporter) -> (artifact id: '02593aa8960c8031924cfbb40a548753') in 0.0314583 seconds
Number of updated asset objects reloaded before import = 0Number of asset objects unloaded after import = 3

========================================================================
Received Import Request.
  Time since last request: 10.622048 seconds.
  path: Assets/Environemnt/Medieval Forest/PNG/Environment/Little_Wreckage.png
  artifactKey: Guid(4c113af9f86409e449d176a6694b1726) Importer(815301076,1909f56bfc062723c751e8b465ee728b)
Start importing Assets/Environemnt/Medieval Forest/PNG/Environment/Little_Wreckage.png using Guid(4c113af9f86409e449d176a6694b1726) Importer(815301076,1909f56bfc062723c751e8b465ee728b) (PreviewImporter) -> (artifact id: 'ec3905643868c09ff4546345471711c5') in 0.0288246 seconds
Number of updated asset objects reloaded before import = 0Number of asset objects unloaded after import = 3

========================================================================
Received Import Request.
  Time since last request: 0.000021 seconds.
  path: Assets/Environemnt/Medieval Forest/PNG/Environment/Sign_01.png
  artifactKey: Guid(036dfde2923f73a4d92281e47bd0c58f) Importer(815301076,1909f56bfc062723c751e8b465ee728b)
Start importing Assets/Environemnt/Medieval Forest/PNG/Environment/Sign_01.png using Guid(036dfde2923f73a4d92281e47bd0c58f) Importer(815301076,1909f56bfc062723c751e8b465ee728b) (PreviewImporter) -> (artifact id: 'adc05c79d63f29e157dd3a9bfe5c339f') in 0.0354128 seconds
Number of updated asset objects reloaded before import = 0Number of asset objects unloaded after import = 3

========================================================================
Received Import Request.
  Time since last request: 0.000015 seconds.
  path: Assets/Environemnt/Medieval Forest/PNG/Environment/Sign_05.png
  artifactKey: Guid(b8ab7248e718da047bbc65c6e488e092) Importer(815301076,1909f56bfc062723c751e8b465ee728b)
Start importing Assets/Environemnt/Medieval Forest/PNG/Environment/Sign_05.png using Guid(b8ab7248e718da047bbc65c6e488e092) Importer(815301076,1909f56bfc062723c751e8b465ee728b) (PreviewImporter) -> (artifact id: 'a7f650352399c38319392c2aa72ce496') in 0.0373747 seconds
Number of updated asset objects reloaded before import = 0Number of asset objects unloaded after import = 3

========================================================================
Received Import Request.
  Time since last request: 1.809718 seconds.
  path: Assets/Environemnt/Medieval Forest/PNG/Platformer/Ground-Additional_02.png
  artifactKey: Guid(6f6d6a9dec1c3ab4087d55d5357c8285) Importer(815301076,1909f56bfc062723c751e8b465ee728b)
Start importing Assets/Environemnt/Medieval Forest/PNG/Platformer/Ground-Additional_02.png using Guid(6f6d6a9dec1c3ab4087d55d5357c8285) Importer(815301076,1909f56bfc062723c751e8b465ee728b) (PreviewImporter) -> (artifact id: '5f98ace4380b5b1371fdbd136f8b4ab1') in 0.0252099 seconds
Number of updated asset objects reloaded before import = 0Number of asset objects unloaded after import = 3

========================================================================
Received Import Request.
  Time since last request: 0.000014 seconds.
  path: Assets/Environemnt/Medieval Forest/PNG/Platformer/Ground_12.png
  artifactKey: Guid(76a7fbc84f86a244384c467de0f39898) Importer(815301076,1909f56bfc062723c751e8b465ee728b)
Start importing Assets/Environemnt/Medieval Forest/PNG/Platformer/Ground_12.png using Guid(76a7fbc84f86a244384c467de0f39898) Importer(815301076,1909f56bfc062723c751e8b465ee728b) (PreviewImporter) -> (artifact id: '638c143b114d1dc50a4e21a00944067f') in 0.0253314 seconds
Number of updated asset objects reloaded before import = 0Number of asset objects unloaded after import = 3

========================================================================
Received Import Request.
  Time since last request: 0.000013 seconds.
  path: Assets/Environemnt/Medieval Forest/PNG/Platformer/Wooden_Box.png
  artifactKey: Guid(99e85b2e73455844eb266bfef884ca4b) Importer(815301076,1909f56bfc062723c751e8b465ee728b)
Start importing Assets/Environemnt/Medieval Forest/PNG/Platformer/Wooden_Box.png using Guid(99e85b2e73455844eb266bfef884ca4b) Importer(815301076,1909f56bfc062723c751e8b465ee728b) (PreviewImporter) -> (artifact id: '9fd7cbd4497a2f30880183d64248bd9a') in 0.0231825 seconds
Number of updated asset objects reloaded before import = 0Number of asset objects unloaded after import = 3

========================================================================
Received Import Request.
  Time since last request: 0.637045 seconds.
  path: Assets/Environemnt/Medieval Forest/PNG/Platformer/Brick_01.png
  artifactKey: Guid(62e1196bba361324eb408f0319aaeb5a) Importer(815301076,1909f56bfc062723c751e8b465ee728b)
Start importing Assets/Environemnt/Medieval Forest/PNG/Platformer/Brick_01.png using Guid(62e1196bba361324eb408f0319aaeb5a) Importer(815301076,1909f56bfc062723c751e8b465ee728b) (PreviewImporter) -> (artifact id: 'c62a841c25b97afe2d1fed623f521eb3') in 0.02897 seconds
Number of updated asset objects reloaded before import = 0Number of asset objects unloaded after import = 3

========================================================================
Received Import Request.
  Time since last request: 7.710162 seconds.
  path: Assets/Environemnt/Medieval Forest/PNG/Platformer/Ground_01.png
  artifactKey: Guid(e2c59c7c6360eaf40b7b39d0a4a9c7e9) Importer(815301076,1909f56bfc062723c751e8b465ee728b)
Start importing Assets/Environemnt/Medieval Forest/PNG/Platformer/Ground_01.png using Guid(e2c59c7c6360eaf40b7b39d0a4a9c7e9) Importer(815301076,1909f56bfc062723c751e8b465ee728b) (PreviewImporter) -> (artifact id: '42f822b8fdcbad2905455587b6a793ae') in 0.0369942 seconds
Number of updated asset objects reloaded before import = 0Number of asset objects unloaded after import = 3

========================================================================
Received Import Request.
  Time since last request: 0.000012 seconds.
  path: Assets/Environemnt/Medieval Forest/PNG/Platformer/Ladder.png
  artifactKey: Guid(7b0c5f3ed380e5345a1a4a71cca0dd90) Importer(815301076,1909f56bfc062723c751e8b465ee728b)
Start importing Assets/Environemnt/Medieval Forest/PNG/Platformer/Ladder.png using Guid(7b0c5f3ed380e5345a1a4a71cca0dd90) Importer(815301076,1909f56bfc062723c751e8b465ee728b) (PreviewImporter) -> (artifact id: '28e2a86a590f7fa56eea1c91241747ed') in 0.0303934 seconds
Number of updated asset objects reloaded before import = 0Number of asset objects unloaded after import = 3

========================================================================
Received Import Request.
  Time since last request: 1.346774 seconds.
  path: Assets/Environemnt/Medieval Forest/PNG/Platformer/Ground-Additional_02.png
  artifactKey: Guid(6f6d6a9dec1c3ab4087d55d5357c8285) Importer(815301076,1909f56bfc062723c751e8b465ee728b)
Start importing Assets/Environemnt/Medieval Forest/PNG/Platformer/Ground-Additional_02.png using Guid(6f6d6a9dec1c3ab4087d55d5357c8285) Importer(815301076,1909f56bfc062723c751e8b465ee728b) (PreviewImporter) -> (artifact id: 'a7f2f899b82bd38ad9700114c3760086') in 0.0372098 seconds
Number of updated asset objects reloaded before import = 0Number of asset objects unloaded after import = 3

Editor requested this worker to shutdown with reason: Scaling down because of idle timeout
AssetImportWorker is now disconnected from the server
Process exiting
Exiting without the bug reporter. Application will terminate with return code 0